<?xml version="1.0"?>
<!DOCTYPE coverage SYSTEM "http://cobertura.sourceforge.net/xml/coverage-04.dtd">

<coverage line-rate="0.984375" branch-rate="0.6666666666666666" lines-covered="63" lines-valid="64" branches-covered="12" branches-valid="18" complexity="1.1818181818181819" version="2.0.3" timestamp="1417944490193">
	<sources>
		<source>--source</source>
		<source>/Users/ben/Development/droptools/target/checkout/dropwizard-redis/src/main/java</source>
	</sources>
	<packages>
		<package name="com.bendb.dropwizard.redis" line-rate="0.9666666666666667" branch-rate="0.5714285714285714" complexity="1.1">
			<classes>
				<class name="com.bendb.dropwizard.redis.JedisBundle" filename="com/bendb/dropwizard/redis/JedisBundle.java" line-rate="0.875" branch-rate="1.0" complexity="1.0">
					<methods>
						<method name="initialize" signature="(Lio/dropwizard/setup/Bootstrap;)V" line-rate="1.0" branch-rate="1.0">
							<lines>
								<line number="22" hits="1" branch="false"/>
							</lines>
						</method>
						<method name="run" signature="(Lio/dropwizard/Configuration;Lio/dropwizard/setup/Environment;)V" line-rate="1.0" branch-rate="1.0">
							<lines>
								<line number="26" hits="5" branch="false"/>
								<line number="28" hits="5" branch="false"/>
								<line number="29" hits="5" branch="false"/>
								<line number="30" hits="5" branch="false"/>
								<line number="31" hits="5" branch="false"/>
								<line number="32" hits="5" branch="false"/>
							</lines>
						</method>
						<method name="run" signature="(Ljava/lang/Object;Lio/dropwizard/setup/Environment;)V" line-rate="0.0" branch-rate="1.0">
							<lines>
								<line number="12" hits="0" branch="false"/>
							</lines>
						</method>
					</methods>
					<lines>
						<line number="12" hits="0" branch="false"/>
						<line number="22" hits="1" branch="false"/>
						<line number="26" hits="5" branch="false"/>
						<line number="28" hits="5" branch="false"/>
						<line number="29" hits="5" branch="false"/>
						<line number="30" hits="5" branch="false"/>
						<line number="31" hits="5" branch="false"/>
						<line number="32" hits="5" branch="false"/>
					</lines>
				</class>
				<class name="com.bendb.dropwizard.redis.JedisConfiguration" filename="com/bendb/dropwizard/redis/JedisConfiguration.java" line-rate="1.0" branch-rate="1.0" complexity="1.0">
					<methods>
					</methods>
					<lines>
					</lines>
				</class>
				<class name="com.bendb.dropwizard.redis.JedisFactory" filename="com/bendb/dropwizard/redis/JedisFactory.java" line-rate="1.0" branch-rate="1.0" complexity="1.0">
					<methods>
						<method name="&lt;init&gt;" signature="()V" line-rate="1.0" branch-rate="1.0">
							<lines>
								<line number="47" hits="3" branch="false"/>
								<line number="55" hits="3" branch="false"/>
								<line number="58" hits="3" branch="false"/>
								<line number="61" hits="3" branch="false"/>
							</lines>
						</method>
						<method name="build" signature="(Lio/dropwizard/setup/Environment;)Lredis/clients/jedis/JedisPool;" line-rate="1.0" branch-rate="1.0">
							<lines>
								<line number="105" hits="1" branch="false"/>
								<line number="106" hits="1" branch="false"/>
								<line number="107" hits="1" branch="false"/>
								<line number="108" hits="1" branch="false"/>
								<line number="110" hits="1" branch="false"/>
								<line number="112" hits="1" branch="false"/>
								<line number="114" hits="1" branch="false"/>
							</lines>
						</method>
						<method name="getHost" signature="()Ljava/lang/String;" line-rate="1.0" branch-rate="1.0">
							<lines>
								<line number="73" hits="2" branch="false"/>
							</lines>
						</method>
						<method name="getPort" signature="()I" line-rate="1.0" branch-rate="1.0">
							<lines>
								<line number="77" hits="3" branch="false"/>
							</lines>
						</method>
					</methods>
					<lines>
						<line number="47" hits="3" branch="false"/>
						<line number="55" hits="3" branch="false"/>
						<line number="58" hits="3" branch="false"/>
						<line number="61" hits="3" branch="false"/>
						<line number="73" hits="2" branch="false"/>
						<line number="77" hits="3" branch="false"/>
						<line number="105" hits="1" branch="false"/>
						<line number="106" hits="1" branch="false"/>
						<line number="107" hits="1" branch="false"/>
						<line number="108" hits="1" branch="false"/>
						<line number="110" hits="1" branch="false"/>
						<line number="112" hits="1" branch="false"/>
						<line number="114" hits="1" branch="false"/>
					</lines>
				</class>
				<class name="com.bendb.dropwizard.redis.JedisHealthCheck" filename="com/bendb/dropwizard/redis/JedisHealthCheck.java" line-rate="1.0" branch-rate="0.5714285714285714" complexity="2.0">
					<methods>
						<method name="check" signature="()Lcom/codahale/metrics/health/HealthCheck$Result;" line-rate="1.0" branch-rate="0.5714285714285714">
							<lines>
								<line number="16" hits="8" branch="false"/>
								<line number="17" hits="5" branch="false"/>
								<line number="18" hits="3" branch="true" condition-coverage="100% (2/2)">
									<conditions>
										<condition number="0" type="jump" coverage="100%"/>
									</conditions>
								</line>
								<line number="19" hits="2" branch="false"/>
								<line number="21" hits="4" branch="true" condition-coverage="50% (6/12)">
									<conditions>
										<condition number="0" type="jump" coverage="50%"/>
										<condition number="1" type="jump" coverage="50%"/>
										<condition number="2" type="jump" coverage="50%"/>
										<condition number="3" type="jump" coverage="50%"/>
										<condition number="4" type="jump" coverage="50%"/>
										<condition number="5" type="jump" coverage="50%"/>
									</conditions>
								</line>
								<line number="23" hits="1" branch="false"/>
							</lines>
						</method>
					</methods>
					<lines>
						<line number="16" hits="8" branch="false"/>
						<line number="17" hits="5" branch="false"/>
						<line number="18" hits="3" branch="true" condition-coverage="100% (2/2)">
							<conditions>
								<condition number="0" type="jump" coverage="100%"/>
							</conditions>
						</line>
						<line number="19" hits="2" branch="false"/>
						<line number="21" hits="4" branch="true" condition-coverage="50% (6/12)">
							<conditions>
								<condition number="0" type="jump" coverage="50%"/>
								<condition number="1" type="jump" coverage="50%"/>
								<condition number="2" type="jump" coverage="50%"/>
								<condition number="3" type="jump" coverage="50%"/>
								<condition number="4" type="jump" coverage="50%"/>
								<condition number="5" type="jump" coverage="50%"/>
							</conditions>
						</line>
						<line number="23" hits="1" branch="false"/>
					</lines>
				</class>
				<class name="com.bendb.dropwizard.redis.JedisPoolManager" filename="com/bendb/dropwizard/redis/JedisPoolManager.java" line-rate="1.0" branch-rate="1.0" complexity="1.0">
					<methods>
						<method name="start" signature="()V" line-rate="1.0" branch-rate="1.0">
							<lines>
								<line number="16" hits="1" branch="false"/>
							</lines>
						</method>
						<method name="stop" signature="()V" line-rate="1.0" branch-rate="1.0">
							<lines>
								<line number="20" hits="1" branch="false"/>
								<line number="21" hits="1" branch="false"/>
							</lines>
						</method>
					</methods>
					<lines>
						<line number="16" hits="1" branch="false"/>
						<line number="20" hits="1" branch="false"/>
						<line number="21" hits="1" branch="false"/>
					</lines>
				</class>
			</classes>
		</package>
		<package name="com.bendb.dropwizard.redis.jersey" line-rate="1.0" branch-rate="1.0" complexity="1.3076923076923077">
			<classes>
				<class name="com.bendb.dropwizard.redis.jersey.JedisInjectableProvider" filename="com/bendb/dropwizard/redis/jersey/JedisInjectableProvider.java" line-rate="1.0" branch-rate="1.0" complexity="1.0">
					<methods>
						<method name="&lt;init&gt;" signature="(Lredis/clients/jedis/JedisPool;)V" line-rate="1.0" branch-rate="1.0">
							<lines>
								<line number="36" hits="11" branch="false"/>
								<line number="37" hits="11" branch="false"/>
								<line number="38" hits="11" branch="false"/>
							</lines>
						</method>
						<method name="getTypedInjectable" signature="(Lcom/sun/jersey/core/spi/component/ComponentContext;Ljava/lang/annotation/Annotation;)Lcom/sun/jersey/spi/inject/Injectable;" line-rate="1.0" branch-rate="1.0">
							<lines>
								<line number="14" hits="3" branch="false"/>
							</lines>
						</method>
						<method name="getTypedInjectable" signature="(Lcom/sun/jersey/core/spi/component/ComponentContext;Ljavax/ws/rs/core/Context;)Lcom/sun/jersey/spi/inject/Injectable;" line-rate="1.0" branch-rate="1.0">
							<lines>
								<line number="42" hits="3" branch="false"/>
							</lines>
						</method>
					</methods>
					<lines>
						<line number="14" hits="3" branch="false"/>
						<line number="36" hits="11" branch="false"/>
						<line number="37" hits="11" branch="false"/>
						<line number="38" hits="11" branch="false"/>
						<line number="42" hits="3" branch="false"/>
					</lines>
				</class>
				<class name="com.bendb.dropwizard.redis.jersey.JedisInjectableProvider$1" filename="com/bendb/dropwizard/redis/jersey/JedisInjectableProvider.java" line-rate="1.0" branch-rate="1.0" complexity="1.0">
					<methods>
					</methods>
					<lines>
					</lines>
				</class>
				<class name="com.bendb.dropwizard.redis.jersey.JedisInjectableProvider$JedisInjectable" filename="com/bendb/dropwizard/redis/jersey/JedisInjectableProvider.java" line-rate="1.0" branch-rate="1.0" complexity="1.0">
					<methods>
						<method name="&lt;init&gt;" signature="(Lcom/bendb/dropwizard/redis/jersey/JedisInjectableProvider;Lredis/clients/jedis/JedisPool;Lcom/bendb/dropwizard/redis/jersey/JedisInjectableProvider$1;)V" line-rate="1.0" branch-rate="1.0">
							<lines>
								<line number="16" hits="5" branch="false"/>
							</lines>
						</method>
						<method name="getValue" signature="(Lcom/sun/jersey/api/core/HttpContext;)Ljava/lang/Object;" line-rate="1.0" branch-rate="1.0">
							<lines>
							</lines>
						</method>
						<method name="getValue" signature="(Lcom/sun/jersey/api/core/HttpContext;)Lredis/clients/jedis/Jedis;" line-rate="1.0" branch-rate="1.0">
							<lines>
								<line number="25" hits="2" branch="false"/>
								<line number="27" hits="2" branch="false"/>
								<line number="29" hits="2" branch="false"/>
							</lines>
						</method>
					</methods>
					<lines>
						<line number="16" hits="5" branch="false"/>
						<line number="25" hits="2" branch="false"/>
						<line number="27" hits="2" branch="false"/>
						<line number="29" hits="2" branch="false"/>
					</lines>
				</class>
				<class name="com.bendb.dropwizard.redis.jersey.JedisPoolInjectableProvider" filename="com/bendb/dropwizard/redis/jersey/JedisPoolInjectableProvider.java" line-rate="1.0" branch-rate="1.0" complexity="1.0">
					<methods>
						<method name="&lt;init&gt;" signature="(Lredis/clients/jedis/JedisPool;)V" line-rate="1.0" branch-rate="1.0">
							<lines>
								<line number="17" hits="9" branch="false"/>
								<line number="18" hits="9" branch="false"/>
								<line number="19" hits="9" branch="false"/>
							</lines>
						</method>
						<method name="getTypedInjectable" signature="(Lcom/sun/jersey/core/spi/component/ComponentContext;Ljava/lang/annotation/Annotation;)Lcom/sun/jersey/spi/inject/Injectable;" line-rate="1.0" branch-rate="1.0">
							<lines>
								<line number="12" hits="2" branch="false"/>
							</lines>
						</method>
						<method name="getTypedInjectable" signature="(Lcom/sun/jersey/core/spi/component/ComponentContext;Ljavax/ws/rs/core/Context;)Lcom/sun/jersey/spi/inject/Injectable;" line-rate="1.0" branch-rate="1.0">
							<lines>
								<line number="23" hits="2" branch="false"/>
							</lines>
						</method>
					</methods>
					<lines>
						<line number="12" hits="2" branch="false"/>
						<line number="17" hits="9" branch="false"/>
						<line number="18" hits="9" branch="false"/>
						<line number="19" hits="9" branch="false"/>
						<line number="23" hits="2" branch="false"/>
					</lines>
				</class>
				<class name="com.bendb.dropwizard.redis.jersey.JedisRequestDispatcher" filename="com/bendb/dropwizard/redis/jersey/JedisRequestDispatcher.java" line-rate="1.0" branch-rate="1.0" complexity="1.5">
					<methods>
						<method name="&lt;init&gt;" signature="(Lcom/sun/jersey/spi/dispatch/RequestDispatcher;)V" line-rate="1.0" branch-rate="1.0">
							<lines>
								<line number="11" hits="6" branch="false"/>
								<line number="15" hits="6" branch="false"/>
								<line number="16" hits="6" branch="false"/>
								<line number="17" hits="6" branch="false"/>
							</lines>
						</method>
						<method name="cleanUp" signature="(Lcom/sun/jersey/api/core/HttpContext;)V" line-rate="1.0" branch-rate="1.0">
							<lines>
								<line number="35" hits="5" branch="false"/>
								<line number="37" hits="5" branch="true" condition-coverage="100% (2/2)">
									<conditions>
										<condition number="0" type="jump" coverage="100%"/>
									</conditions>
								</line>
								<line number="38" hits="4" branch="false"/>
								<line number="40" hits="1" branch="false"/>
								<line number="41" hits="1" branch="false"/>
								<line number="42" hits="4" branch="false"/>
								<line number="43" hits="5" branch="false"/>
							</lines>
						</method>
						<method name="dispatch" signature="(Ljava/lang/Object;Lcom/sun/jersey/api/core/HttpContext;)V" line-rate="1.0" branch-rate="1.0">
							<lines>
								<line number="27" hits="5" branch="false"/>
								<line number="29" hits="5" branch="false"/>
								<line number="30" hits="4" branch="false"/>
								<line number="31" hits="4" branch="false"/>
							</lines>
						</method>
					</methods>
					<lines>
						<line number="11" hits="6" branch="false"/>
						<line number="15" hits="6" branch="false"/>
						<line number="16" hits="6" branch="false"/>
						<line number="17" hits="6" branch="false"/>
						<line number="27" hits="5" branch="false"/>
						<line number="29" hits="5" branch="false"/>
						<line number="30" hits="4" branch="false"/>
						<line number="31" hits="4" branch="false"/>
						<line number="35" hits="5" branch="false"/>
						<line number="37" hits="5" branch="true" condition-coverage="100% (2/2)">
							<conditions>
								<condition number="0" type="jump" coverage="100%"/>
							</conditions>
						</line>
						<line number="38" hits="4" branch="false"/>
						<line number="40" hits="1" branch="false"/>
						<line number="41" hits="1" branch="false"/>
						<line number="42" hits="4" branch="false"/>
						<line number="43" hits="5" branch="false"/>
					</lines>
				</class>
				<class name="com.bendb.dropwizard.redis.jersey.JedisResourceMethodDispatchAdapter" filename="com/bendb/dropwizard/redis/jersey/JedisResourceMethodDispatchAdapter.java" line-rate="1.0" branch-rate="1.0" complexity="1.0">
					<methods>
						<method name="adapt" signature="(Lcom/sun/jersey/spi/container/ResourceMethodDispatchProvider;)Lcom/sun/jersey/spi/container/ResourceMethodDispatchProvider;" line-rate="1.0" branch-rate="1.0">
							<lines>
								<line number="9" hits="1" branch="false"/>
							</lines>
						</method>
					</methods>
					<lines>
						<line number="9" hits="1" branch="false"/>
					</lines>
				</class>
				<class name="com.bendb.dropwizard.redis.jersey.JedisResourceMethodDispatchProvider" filename="com/bendb/dropwizard/redis/jersey/JedisResourceMethodDispatchProvider.java" line-rate="1.0" branch-rate="1.0" complexity="2.0">
					<methods>
						<method name="create" signature="(Lcom/sun/jersey/api/model/AbstractResourceMethod;)Lcom/sun/jersey/spi/dispatch/RequestDispatcher;" line-rate="1.0" branch-rate="1.0">
							<lines>
								<line number="20" hits="2" branch="false"/>
								<line number="22" hits="2" branch="true" condition-coverage="100% (2/2)">
									<conditions>
										<condition number="0" type="jump" coverage="100%"/>
									</conditions>
								</line>
								<line number="23" hits="1" branch="false"/>
								<line number="26" hits="1" branch="false"/>
							</lines>
						</method>
					</methods>
					<lines>
						<line number="20" hits="2" branch="false"/>
						<line number="22" hits="2" branch="true" condition-coverage="100% (2/2)">
							<conditions>
								<condition number="0" type="jump" coverage="100%"/>
							</conditions>
						</line>
						<line number="23" hits="1" branch="false"/>
						<line number="26" hits="1" branch="false"/>
					</lines>
				</class>
			</classes>
		</package>
	</packages>
</coverage>
