<?xml version="1.0"?>
<!DOCTYPE coverage SYSTEM "http://cobertura.sourceforge.net/xml/coverage-04.dtd">

<coverage line-rate="0.9215686274509803" branch-rate="1.0" lines-covered="94" lines-valid="102" branches-covered="24" branches-valid="24" complexity="1.32" version="2.0.3" timestamp="1412717735636">
	<sources>
		<source>/Users/ben/Development/dropwizard-utils/target/checkout/src/main/java</source>
		<source>--source</source>
	</sources>
	<packages>
		<package name="com.bendb.dropwizard.jooq" line-rate="0.9367088607594937" branch-rate="1.0" complexity="1.186046511627907">
			<classes>
				<class name="com.bendb.dropwizard.jooq.JodaDateTimeConverter" filename="com/bendb/dropwizard/jooq/JodaDateTimeConverter.java" line-rate="0.4" branch-rate="1.0" complexity="1.0">
					<methods>
						<method name="from" signature="(Ljava/lang/Object;)Ljava/lang/Object;" line-rate="0.0" branch-rate="1.0">
							<lines>
								<line number="11" hits="0" branch="false"/>
							</lines>
						</method>
						<method name="from" signature="(Ljava/sql/Timestamp;)Lorg/joda/time/DateTime;" line-rate="1.0" branch-rate="1.0">
							<lines>
								<line number="14" hits="2" branch="false"/>
							</lines>
						</method>
						<method name="fromType" signature="()Ljava/lang/Class;" line-rate="0.0" branch-rate="1.0">
							<lines>
								<line number="24" hits="0" branch="false"/>
							</lines>
						</method>
						<method name="to" signature="(Ljava/lang/Object;)Ljava/lang/Object;" line-rate="1.0" branch-rate="1.0">
							<lines>
							</lines>
						</method>
						<method name="to" signature="(Lorg/joda/time/DateTime;)Ljava/sql/Timestamp;" line-rate="1.0" branch-rate="1.0">
							<lines>
								<line number="19" hits="2" branch="false"/>
							</lines>
						</method>
						<method name="toType" signature="()Ljava/lang/Class;" line-rate="0.0" branch-rate="1.0">
							<lines>
								<line number="29" hits="0" branch="false"/>
							</lines>
						</method>
					</methods>
					<lines>
						<line number="11" hits="0" branch="false"/>
						<line number="14" hits="2" branch="false"/>
						<line number="19" hits="2" branch="false"/>
						<line number="24" hits="0" branch="false"/>
						<line number="29" hits="0" branch="false"/>
					</lines>
				</class>
				<class name="com.bendb.dropwizard.jooq.JooqBundle" filename="com/bendb/dropwizard/jooq/JooqBundle.java" line-rate="0.8333333333333334" branch-rate="1.0" complexity="1.0">
					<methods>
						<method name="getJooqFactory" signature="(Lio/dropwizard/Configuration;)Lcom/bendb/dropwizard/jooq/JooqFactory;" line-rate="1.0" branch-rate="1.0">
							<lines>
								<line number="36" hits="1" branch="false"/>
							</lines>
						</method>
						<method name="initialize" signature="(Lio/dropwizard/setup/Bootstrap;)V" line-rate="0.0" branch-rate="1.0">
							<lines>
								<line number="17" hits="0" branch="false"/>
							</lines>
						</method>
						<method name="run" signature="(Lio/dropwizard/Configuration;Lio/dropwizard/setup/Environment;)V" line-rate="1.0" branch-rate="1.0">
							<lines>
								<line number="21" hits="4" branch="false"/>
								<line number="22" hits="4" branch="false"/>
								<line number="23" hits="4" branch="false"/>
								<line number="24" hits="4" branch="false"/>
								<line number="26" hits="4" branch="false"/>
								<line number="27" hits="4" branch="false"/>
								<line number="28" hits="4" branch="false"/>
								<line number="30" hits="4" branch="false"/>
								<line number="31" hits="4" branch="false"/>
							</lines>
						</method>
						<method name="run" signature="(Ljava/lang/Object;Lio/dropwizard/setup/Environment;)V" line-rate="0.0" branch-rate="1.0">
							<lines>
								<line number="11" hits="0" branch="false"/>
							</lines>
						</method>
					</methods>
					<lines>
						<line number="11" hits="0" branch="false"/>
						<line number="17" hits="0" branch="false"/>
						<line number="21" hits="4" branch="false"/>
						<line number="22" hits="4" branch="false"/>
						<line number="23" hits="4" branch="false"/>
						<line number="24" hits="4" branch="false"/>
						<line number="26" hits="4" branch="false"/>
						<line number="27" hits="4" branch="false"/>
						<line number="28" hits="4" branch="false"/>
						<line number="30" hits="4" branch="false"/>
						<line number="31" hits="4" branch="false"/>
						<line number="36" hits="1" branch="false"/>
					</lines>
				</class>
				<class name="com.bendb.dropwizard.jooq.JooqConfiguration" filename="com/bendb/dropwizard/jooq/JooqConfiguration.java" line-rate="1.0" branch-rate="1.0" complexity="1.0">
					<methods>
					</methods>
					<lines>
					</lines>
				</class>
				<class name="com.bendb.dropwizard.jooq.JooqFactory" filename="com/bendb/dropwizard/jooq/JooqFactory.java" line-rate="1.0" branch-rate="1.0" complexity="1.1481481481481481">
					<methods>
						<method name="&lt;init&gt;" signature="()V" line-rate="1.0" branch-rate="1.0">
							<lines>
								<line number="115" hits="8" branch="false"/>
								<line number="116" hits="8" branch="false"/>
								<line number="119" hits="8" branch="false"/>
								<line number="121" hits="8" branch="false"/>
								<line number="123" hits="8" branch="false"/>
								<line number="126" hits="8" branch="false"/>
								<line number="129" hits="8" branch="false"/>
								<line number="131" hits="8" branch="false"/>
								<line number="134" hits="8" branch="false"/>
								<line number="137" hits="8" branch="false"/>
								<line number="139" hits="8" branch="false"/>
								<line number="141" hits="8" branch="false"/>
								<line number="143" hits="8" branch="false"/>
							</lines>
						</method>
						<method name="build" signature="(Lio/dropwizard/setup/Environment;Lio/dropwizard/db/DataSourceFactory;)Lorg/jooq/Configuration;" line-rate="1.0" branch-rate="1.0">
							<lines>
								<line number="242" hits="6" branch="false"/>
								<line number="243" hits="6" branch="false"/>
								<line number="245" hits="6" branch="false"/>
								<line number="246" hits="6" branch="false"/>
								<line number="248" hits="6" branch="false"/>
								<line number="249" hits="6" branch="false"/>
								<line number="250" hits="6" branch="false"/>
								<line number="251" hits="6" branch="false"/>
								<line number="253" hits="6" branch="true" condition-coverage="100% (4/4)">
									<conditions>
										<condition number="0" type="jump" coverage="100%"/>
										<condition number="1" type="jump" coverage="100%"/>
									</conditions>
								</line>
								<line number="254" hits="1" branch="false"/>
								<line number="255" hits="1" branch="false"/>
								<line number="257" hits="1" branch="false"/>
								<line number="258" hits="1" branch="false"/>
								<line number="260" hits="1" branch="false"/>
								<line number="263" hits="6" branch="false"/>
								<line number="265" hits="6" branch="false"/>
							</lines>
						</method>
						<method name="buildSettings" signature="()Lorg/jooq/conf/Settings;" line-rate="1.0" branch-rate="1.0">
							<lines>
								<line number="277" hits="6" branch="false"/>
								<line number="278" hits="6" branch="false"/>
								<line number="279" hits="6" branch="false"/>
								<line number="280" hits="6" branch="false"/>
								<line number="281" hits="6" branch="false"/>
								<line number="282" hits="6" branch="false"/>
								<line number="283" hits="6" branch="false"/>
								<line number="284" hits="6" branch="false"/>
								<line number="285" hits="6" branch="false"/>
								<line number="286" hits="6" branch="false"/>
								<line number="287" hits="6" branch="false"/>
								<line number="289" hits="6" branch="false"/>
							</lines>
						</method>
						<method name="determineDialect" signature="(Lio/dropwizard/db/DataSourceFactory;)Lorg/jooq/SQLDialect;" line-rate="1.0" branch-rate="1.0">
							<lines>
								<line number="269" hits="6" branch="true" condition-coverage="100% (2/2)">
									<conditions>
										<condition number="0" type="jump" coverage="100%"/>
									</conditions>
								</line>
								<line number="270" hits="5" branch="false"/>
								<line number="273" hits="1" branch="false"/>
							</lines>
						</method>
					</methods>
					<lines>
						<line number="115" hits="8" branch="false"/>
						<line number="116" hits="8" branch="false"/>
						<line number="119" hits="8" branch="false"/>
						<line number="121" hits="8" branch="false"/>
						<line number="123" hits="8" branch="false"/>
						<line number="126" hits="8" branch="false"/>
						<line number="129" hits="8" branch="false"/>
						<line number="131" hits="8" branch="false"/>
						<line number="134" hits="8" branch="false"/>
						<line number="137" hits="8" branch="false"/>
						<line number="139" hits="8" branch="false"/>
						<line number="141" hits="8" branch="false"/>
						<line number="143" hits="8" branch="false"/>
						<line number="242" hits="6" branch="false"/>
						<line number="243" hits="6" branch="false"/>
						<line number="245" hits="6" branch="false"/>
						<line number="246" hits="6" branch="false"/>
						<line number="248" hits="6" branch="false"/>
						<line number="249" hits="6" branch="false"/>
						<line number="250" hits="6" branch="false"/>
						<line number="251" hits="6" branch="false"/>
						<line number="253" hits="6" branch="true" condition-coverage="100% (4/4)">
							<conditions>
								<condition number="0" type="jump" coverage="100%"/>
								<condition number="1" type="jump" coverage="100%"/>
							</conditions>
						</line>
						<line number="254" hits="1" branch="false"/>
						<line number="255" hits="1" branch="false"/>
						<line number="257" hits="1" branch="false"/>
						<line number="258" hits="1" branch="false"/>
						<line number="260" hits="1" branch="false"/>
						<line number="263" hits="6" branch="false"/>
						<line number="265" hits="6" branch="false"/>
						<line number="269" hits="6" branch="true" condition-coverage="100% (2/2)">
							<conditions>
								<condition number="0" type="jump" coverage="100%"/>
							</conditions>
						</line>
						<line number="270" hits="5" branch="false"/>
						<line number="273" hits="1" branch="false"/>
						<line number="277" hits="6" branch="false"/>
						<line number="278" hits="6" branch="false"/>
						<line number="279" hits="6" branch="false"/>
						<line number="280" hits="6" branch="false"/>
						<line number="281" hits="6" branch="false"/>
						<line number="282" hits="6" branch="false"/>
						<line number="283" hits="6" branch="false"/>
						<line number="284" hits="6" branch="false"/>
						<line number="285" hits="6" branch="false"/>
						<line number="286" hits="6" branch="false"/>
						<line number="287" hits="6" branch="false"/>
						<line number="289" hits="6" branch="false"/>
					</lines>
				</class>
				<class name="com.bendb.dropwizard.jooq.JooqHealthCheck" filename="com/bendb/dropwizard/jooq/JooqHealthCheck.java" line-rate="1.0" branch-rate="1.0" complexity="1.0">
					<methods>
						<method name="access$000" signature="(Lcom/bendb/dropwizard/jooq/JooqHealthCheck;)Ljava/lang/String;" line-rate="1.0" branch-rate="1.0">
							<lines>
								<line number="8" hits="2" branch="false"/>
							</lines>
						</method>
						<method name="check" signature="()Lcom/codahale/metrics/health/HealthCheck$Result;" line-rate="1.0" branch-rate="1.0">
							<lines>
								<line number="23" hits="2" branch="false"/>
								<line number="30" hits="1" branch="false"/>
							</lines>
						</method>
					</methods>
					<lines>
						<line number="8" hits="2" branch="false"/>
						<line number="23" hits="2" branch="false"/>
						<line number="30" hits="1" branch="false"/>
					</lines>
				</class>
				<class name="com.bendb.dropwizard.jooq.JooqHealthCheck$1" filename="com/bendb/dropwizard/jooq/JooqHealthCheck.java" line-rate="1.0" branch-rate="1.0" complexity="1.0">
					<methods>
						<method name="run" signature="(Lorg/jooq/Configuration;)V" line-rate="1.0" branch-rate="1.0">
							<lines>
								<line number="26" hits="2" branch="false"/>
								<line number="27" hits="1" branch="false"/>
							</lines>
						</method>
					</methods>
					<lines>
						<line number="26" hits="2" branch="false"/>
						<line number="27" hits="1" branch="false"/>
					</lines>
				</class>
				<class name="com.bendb.dropwizard.jooq.LoggingExecutionListener" filename="com/bendb/dropwizard/jooq/LoggingExecutionListener.java" line-rate="1.0" branch-rate="1.0" complexity="2.3333333333333335">
					<methods>
						<method name="&lt;clinit&gt;" signature="()V" line-rate="1.0" branch-rate="1.0">
							<lines>
								<line number="15" hits="1" branch="false"/>
							</lines>
						</method>
						<method name="executeStart" signature="(Lorg/jooq/ExecuteContext;)V" line-rate="1.0" branch-rate="1.0">
							<lines>
								<line number="25" hits="6" branch="false"/>
								<line number="26" hits="6" branch="true" condition-coverage="100% (2/2)">
									<conditions>
										<condition number="0" type="jump" coverage="100%"/>
									</conditions>
								</line>
								<line number="27" hits="2" branch="false"/>
								<line number="28" hits="4" branch="true" condition-coverage="100% (2/2)">
									<conditions>
										<condition number="0" type="jump" coverage="100%"/>
									</conditions>
								</line>
								<line number="29" hits="2" branch="false"/>
								<line number="30" hits="2" branch="true" condition-coverage="100% (2/2)">
									<conditions>
										<condition number="0" type="jump" coverage="100%"/>
									</conditions>
								</line>
								<line number="31" hits="1" branch="false"/>
								<line number="34" hits="6" branch="true" condition-coverage="100% (2/2)">
									<conditions>
										<condition number="0" type="jump" coverage="100%"/>
									</conditions>
								</line>
								<line number="35" hits="5" branch="false"/>
								<line number="37" hits="6" branch="false"/>
							</lines>
						</method>
						<method name="setLogger" signature="(Lorg/slf4j/Logger;)V" line-rate="1.0" branch-rate="1.0">
							<lines>
								<line number="41" hits="12" branch="false"/>
								<line number="42" hits="12" branch="false"/>
							</lines>
						</method>
					</methods>
					<lines>
						<line number="15" hits="1" branch="false"/>
						<line number="25" hits="6" branch="false"/>
						<line number="26" hits="6" branch="true" condition-coverage="100% (2/2)">
							<conditions>
								<condition number="0" type="jump" coverage="100%"/>
							</conditions>
						</line>
						<line number="27" hits="2" branch="false"/>
						<line number="28" hits="4" branch="true" condition-coverage="100% (2/2)">
							<conditions>
								<condition number="0" type="jump" coverage="100%"/>
							</conditions>
						</line>
						<line number="29" hits="2" branch="false"/>
						<line number="30" hits="2" branch="true" condition-coverage="100% (2/2)">
							<conditions>
								<condition number="0" type="jump" coverage="100%"/>
							</conditions>
						</line>
						<line number="31" hits="1" branch="false"/>
						<line number="34" hits="6" branch="true" condition-coverage="100% (2/2)">
							<conditions>
								<condition number="0" type="jump" coverage="100%"/>
							</conditions>
						</line>
						<line number="35" hits="5" branch="false"/>
						<line number="37" hits="6" branch="false"/>
						<line number="41" hits="12" branch="false"/>
						<line number="42" hits="12" branch="false"/>
					</lines>
				</class>
			</classes>
		</package>
		<package name="com.bendb.dropwizard.jooq.jersey" line-rate="0.8695652173913043" branch-rate="1.0" complexity="2.142857142857143">
			<classes>
				<class name="com.bendb.dropwizard.jooq.jersey.DSLContextInjectableProvider" filename="com/bendb/dropwizard/jooq/jersey/DSLContextInjectableProvider.java" line-rate="0.8333333333333334" branch-rate="1.0" complexity="3.0">
					<methods>
						<method name="&lt;init&gt;" signature="(Lorg/jooq/Configuration;)V" line-rate="1.0" branch-rate="1.0">
							<lines>
								<line number="25" hits="8" branch="false"/>
								<line number="26" hits="8" branch="false"/>
								<line number="27" hits="8" branch="false"/>
							</lines>
						</method>
						<method name="getInjectable" signature="(Lcom/sun/jersey/core/spi/component/ComponentContext;Ljava/lang/annotation/Annotation;Ljava/lang/Object;)Lcom/sun/jersey/spi/inject/Injectable;" line-rate="0.0" branch-rate="1.0">
							<lines>
								<line number="21" hits="0" branch="false"/>
							</lines>
						</method>
						<method name="getInjectable" signature="(Lcom/sun/jersey/core/spi/component/ComponentContext;Ljavax/ws/rs/core/Context;Lcom/sun/jersey/api/model/Parameter;)Lcom/sun/jersey/spi/inject/Injectable;" line-rate="1.0" branch-rate="1.0">
							<lines>
								<line number="36" hits="4" branch="true" condition-coverage="100% (2/2)">
									<conditions>
										<condition number="0" type="jump" coverage="100%"/>
									</conditions>
								</line>
								<line number="37" hits="1" branch="false"/>
								<line number="40" hits="3" branch="true" condition-coverage="100% (2/2)">
									<conditions>
										<condition number="0" type="jump" coverage="100%"/>
									</conditions>
								</line>
								<line number="41" hits="1" branch="false"/>
								<line number="44" hits="2" branch="true" condition-coverage="100% (2/2)">
									<conditions>
										<condition number="0" type="jump" coverage="100%"/>
									</conditions>
								</line>
								<line number="45" hits="1" branch="false"/>
								<line number="48" hits="1" branch="false"/>
							</lines>
						</method>
						<method name="getScope" signature="()Lcom/sun/jersey/core/spi/component/ComponentScope;" line-rate="0.0" branch-rate="1.0">
							<lines>
								<line number="31" hits="0" branch="false"/>
							</lines>
						</method>
					</methods>
					<lines>
						<line number="21" hits="0" branch="false"/>
						<line number="25" hits="8" branch="false"/>
						<line number="26" hits="8" branch="false"/>
						<line number="27" hits="8" branch="false"/>
						<line number="31" hits="0" branch="false"/>
						<line number="36" hits="4" branch="true" condition-coverage="100% (2/2)">
							<conditions>
								<condition number="0" type="jump" coverage="100%"/>
							</conditions>
						</line>
						<line number="37" hits="1" branch="false"/>
						<line number="40" hits="3" branch="true" condition-coverage="100% (2/2)">
							<conditions>
								<condition number="0" type="jump" coverage="100%"/>
							</conditions>
						</line>
						<line number="41" hits="1" branch="false"/>
						<line number="44" hits="2" branch="true" condition-coverage="100% (2/2)">
							<conditions>
								<condition number="0" type="jump" coverage="100%"/>
							</conditions>
						</line>
						<line number="45" hits="1" branch="false"/>
						<line number="48" hits="1" branch="false"/>
					</lines>
				</class>
				<class name="com.bendb.dropwizard.jooq.jersey.DefaultInjectable" filename="com/bendb/dropwizard/jooq/jersey/DefaultInjectable.java" line-rate="1.0" branch-rate="1.0" complexity="1.0">
					<methods>
					</methods>
					<lines>
					</lines>
				</class>
				<class name="com.bendb.dropwizard.jooq.jersey.LoggingDataAccessExceptionMapper" filename="com/bendb/dropwizard/jooq/jersey/LoggingDataAccessExceptionMapper.java" line-rate="0.9090909090909091" branch-rate="1.0" complexity="2.0">
					<methods>
						<method name="&lt;clinit&gt;" signature="()V" line-rate="1.0" branch-rate="1.0">
							<lines>
								<line number="14" hits="1" branch="false"/>
							</lines>
						</method>
						<method name="logException" signature="(JLjava/lang/Throwable;)V" line-rate="0.0" branch-rate="1.0">
							<lines>
								<line number="12" hits="0" branch="false"/>
							</lines>
						</method>
						<method name="logException" signature="(JLorg/jooq/exception/DataAccessException;)V" line-rate="1.0" branch-rate="1.0">
							<lines>
								<line number="18" hits="3" branch="false"/>
								<line number="19" hits="3" branch="true" condition-coverage="100% (2/2)">
									<conditions>
										<condition number="0" type="jump" coverage="100%"/>
									</conditions>
								</line>
								<line number="20" hits="2" branch="true" condition-coverage="100% (2/2)">
									<conditions>
										<condition number="0" type="jump" coverage="100%"/>
									</conditions>
								</line>
								<line number="21" hits="4" branch="false"/>
								<line number="22" hits="4" branch="false"/>
								<line number="24" hits="1" branch="false"/>
								<line number="26" hits="3" branch="false"/>
							</lines>
						</method>
						<method name="setLogger" signature="(Lorg/slf4j/Logger;)V" line-rate="1.0" branch-rate="1.0">
							<lines>
								<line number="30" hits="6" branch="false"/>
								<line number="31" hits="6" branch="false"/>
							</lines>
						</method>
					</methods>
					<lines>
						<line number="12" hits="0" branch="false"/>
						<line number="14" hits="1" branch="false"/>
						<line number="18" hits="3" branch="false"/>
						<line number="19" hits="3" branch="true" condition-coverage="100% (2/2)">
							<conditions>
								<condition number="0" type="jump" coverage="100%"/>
							</conditions>
						</line>
						<line number="20" hits="2" branch="true" condition-coverage="100% (2/2)">
							<conditions>
								<condition number="0" type="jump" coverage="100%"/>
							</conditions>
						</line>
						<line number="21" hits="4" branch="false"/>
						<line number="22" hits="4" branch="false"/>
						<line number="24" hits="1" branch="false"/>
						<line number="26" hits="3" branch="false"/>
						<line number="30" hits="6" branch="false"/>
						<line number="31" hits="6" branch="false"/>
					</lines>
				</class>
			</classes>
		</package>
	</packages>
</coverage>
