<?xml version="1.0"?>
<!DOCTYPE coverage SYSTEM "http://cobertura.sourceforge.net/xml/coverage-04.dtd">

<coverage line-rate="0.8571428571428571" branch-rate="0.5714285714285714" lines-covered="30" lines-valid="35" branches-covered="8" branches-valid="14" complexity="1.0740740740740742" version="2.0.3" timestamp="1429117365019">
	<sources>
		<source>--source</source>
		<source>/Users/ben/Development/droptools/target/checkout/dropwizard-redis/src/main/java</source>
	</sources>
	<packages>
		<package name="com.bendb.dropwizard.redis" line-rate="0.9642857142857143" branch-rate="0.5714285714285714" complexity="1.0909090909090908">
			<classes>
				<class name="com.bendb.dropwizard.redis.JedisBundle" filename="com/bendb/dropwizard/redis/JedisBundle.java" line-rate="0.8333333333333334" branch-rate="1.0" complexity="1.0">
					<methods>
						<method name="initialize" signature="(Lio/dropwizard/setup/Bootstrap;)V" line-rate="1.0" branch-rate="1.0">
							<lines>
								<line number="20" hits="1" branch="false"/>
							</lines>
						</method>
						<method name="run" signature="(Lio/dropwizard/Configuration;Lio/dropwizard/setup/Environment;)V" line-rate="1.0" branch-rate="1.0">
							<lines>
								<line number="24" hits="3" branch="false"/>
								<line number="26" hits="3" branch="false"/>
								<line number="27" hits="3" branch="false"/>
								<line number="28" hits="3" branch="false"/>
							</lines>
						</method>
						<method name="run" signature="(Ljava/lang/Object;Lio/dropwizard/setup/Environment;)V" line-rate="0.0" branch-rate="1.0">
							<lines>
								<line number="10" hits="0" branch="false"/>
							</lines>
						</method>
					</methods>
					<lines>
						<line number="10" hits="0" branch="false"/>
						<line number="20" hits="1" branch="false"/>
						<line number="24" hits="3" branch="false"/>
						<line number="26" hits="3" branch="false"/>
						<line number="27" hits="3" branch="false"/>
						<line number="28" hits="3" branch="false"/>
					</lines>
				</class>
				<class name="com.bendb.dropwizard.redis.JedisConfiguration" filename="com/bendb/dropwizard/redis/JedisConfiguration.java" line-rate="1.0" branch-rate="1.0" complexity="1.0">
					<methods>
					</methods>
					<lines>
					</lines>
				</class>
				<class name="com.bendb.dropwizard.redis.JedisFactory" filename="com/bendb/dropwizard/redis/JedisFactory.java" line-rate="1.0" branch-rate="1.0" complexity="1.0">
					<methods>
						<method name="&lt;init&gt;" signature="()V" line-rate="1.0" branch-rate="1.0">
							<lines>
								<line number="53" hits="5" branch="false"/>
								<line number="64" hits="5" branch="false"/>
								<line number="67" hits="5" branch="false"/>
								<line number="70" hits="5" branch="false"/>
							</lines>
						</method>
						<method name="build" signature="(Lio/dropwizard/setup/Environment;)Lredis/clients/jedis/JedisPool;" line-rate="1.0" branch-rate="1.0">
							<lines>
								<line number="121" hits="1" branch="false"/>
								<line number="122" hits="1" branch="false"/>
								<line number="123" hits="1" branch="false"/>
								<line number="124" hits="1" branch="false"/>
								<line number="126" hits="1" branch="false"/>
								<line number="128" hits="1" branch="false"/>
								<line number="130" hits="1" branch="false"/>
							</lines>
						</method>
						<method name="getHost" signature="()Ljava/lang/String;" line-rate="1.0" branch-rate="1.0">
							<lines>
								<line number="82" hits="2" branch="false"/>
							</lines>
						</method>
						<method name="getPort" signature="()I" line-rate="1.0" branch-rate="1.0">
							<lines>
								<line number="86" hits="3" branch="false"/>
							</lines>
						</method>
					</methods>
					<lines>
						<line number="53" hits="5" branch="false"/>
						<line number="64" hits="5" branch="false"/>
						<line number="67" hits="5" branch="false"/>
						<line number="70" hits="5" branch="false"/>
						<line number="82" hits="2" branch="false"/>
						<line number="86" hits="3" branch="false"/>
						<line number="121" hits="1" branch="false"/>
						<line number="122" hits="1" branch="false"/>
						<line number="123" hits="1" branch="false"/>
						<line number="124" hits="1" branch="false"/>
						<line number="126" hits="1" branch="false"/>
						<line number="128" hits="1" branch="false"/>
						<line number="130" hits="1" branch="false"/>
					</lines>
				</class>
				<class name="com.bendb.dropwizard.redis.JedisHealthCheck" filename="com/bendb/dropwizard/redis/JedisHealthCheck.java" line-rate="1.0" branch-rate="0.5714285714285714" complexity="2.0">
					<methods>
						<method name="check" signature="()Lcom/codahale/metrics/health/HealthCheck$Result;" line-rate="1.0" branch-rate="0.5714285714285714">
							<lines>
								<line number="16" hits="8" branch="false"/>
								<line number="17" hits="5" branch="false"/>
								<line number="18" hits="3" branch="true" condition-coverage="100% (2/2)">
									<conditions>
										<condition number="0" type="jump" coverage="100%"/>
									</conditions>
								</line>
								<line number="19" hits="2" branch="false"/>
								<line number="21" hits="4" branch="true" condition-coverage="50% (6/12)">
									<conditions>
										<condition number="0" type="jump" coverage="50%"/>
										<condition number="1" type="jump" coverage="50%"/>
										<condition number="2" type="jump" coverage="50%"/>
										<condition number="3" type="jump" coverage="50%"/>
										<condition number="4" type="jump" coverage="50%"/>
										<condition number="5" type="jump" coverage="50%"/>
									</conditions>
								</line>
								<line number="23" hits="1" branch="false"/>
							</lines>
						</method>
					</methods>
					<lines>
						<line number="16" hits="8" branch="false"/>
						<line number="17" hits="5" branch="false"/>
						<line number="18" hits="3" branch="true" condition-coverage="100% (2/2)">
							<conditions>
								<condition number="0" type="jump" coverage="100%"/>
							</conditions>
						</line>
						<line number="19" hits="2" branch="false"/>
						<line number="21" hits="4" branch="true" condition-coverage="50% (6/12)">
							<conditions>
								<condition number="0" type="jump" coverage="50%"/>
								<condition number="1" type="jump" coverage="50%"/>
								<condition number="2" type="jump" coverage="50%"/>
								<condition number="3" type="jump" coverage="50%"/>
								<condition number="4" type="jump" coverage="50%"/>
								<condition number="5" type="jump" coverage="50%"/>
							</conditions>
						</line>
						<line number="23" hits="1" branch="false"/>
					</lines>
				</class>
				<class name="com.bendb.dropwizard.redis.JedisPoolManager" filename="com/bendb/dropwizard/redis/JedisPoolManager.java" line-rate="1.0" branch-rate="1.0" complexity="1.0">
					<methods>
						<method name="start" signature="()V" line-rate="1.0" branch-rate="1.0">
							<lines>
								<line number="16" hits="1" branch="false"/>
							</lines>
						</method>
						<method name="stop" signature="()V" line-rate="1.0" branch-rate="1.0">
							<lines>
								<line number="20" hits="1" branch="false"/>
								<line number="21" hits="1" branch="false"/>
							</lines>
						</method>
					</methods>
					<lines>
						<line number="16" hits="1" branch="false"/>
						<line number="20" hits="1" branch="false"/>
						<line number="21" hits="1" branch="false"/>
					</lines>
				</class>
			</classes>
		</package>
		<package name="com.bendb.dropwizard.redis.jersey" line-rate="0.42857142857142855" branch-rate="1.0" complexity="1.0">
			<classes>
				<class name="com.bendb.dropwizard.redis.jersey.JedisFactory" filename="com/bendb/dropwizard/redis/jersey/JedisFactory.java" line-rate="0.75" branch-rate="1.0" complexity="1.0">
					<methods>
						<method name="dispose" signature="(Ljava/lang/Object;)V" line-rate="1.0" branch-rate="1.0">
							<lines>
							</lines>
						</method>
						<method name="dispose" signature="(Lredis/clients/jedis/Jedis;)V" line-rate="1.0" branch-rate="1.0">
							<lines>
								<line number="27" hits="1" branch="false"/>
								<line number="28" hits="1" branch="false"/>
							</lines>
						</method>
						<method name="provide" signature="()Ljava/lang/Object;" line-rate="0.0" branch-rate="1.0">
							<lines>
								<line number="11" hits="0" branch="false"/>
							</lines>
						</method>
						<method name="provide" signature="()Lredis/clients/jedis/Jedis;" line-rate="1.0" branch-rate="1.0">
							<lines>
								<line number="20" hits="1" branch="false"/>
							</lines>
						</method>
					</methods>
					<lines>
						<line number="11" hits="0" branch="false"/>
						<line number="20" hits="1" branch="false"/>
						<line number="27" hits="1" branch="false"/>
						<line number="28" hits="1" branch="false"/>
					</lines>
				</class>
				<class name="com.bendb.dropwizard.redis.jersey.JedisPoolBinder" filename="com/bendb/dropwizard/redis/jersey/JedisPoolBinder.java" line-rate="0.0" branch-rate="1.0" complexity="1.0">
					<methods>
						<method name="configure" signature="()V" line-rate="0.0" branch-rate="1.0">
							<lines>
								<line number="21" hits="0" branch="false"/>
								<line number="23" hits="0" branch="false"/>
								<line number="26" hits="0" branch="false"/>
							</lines>
						</method>
					</methods>
					<lines>
						<line number="21" hits="0" branch="false"/>
						<line number="23" hits="0" branch="false"/>
						<line number="26" hits="0" branch="false"/>
					</lines>
				</class>
			</classes>
		</package>
	</packages>
</coverage>
